<?xml version="1.0" encoding="UTF-8"?>
<!-- Generated by org.testng.reporters.JUnitXMLReporter -->
<testsuite ignored="2" hostname="LAPTOP-R3SUFVC3" failures="0" tests="1" name="Test(failed)(failed)" time="0.042" errors="0" timestamp="2022-07-21T16:31:47 PDT">
  <testcase classname="testNG3.Sample1" name="TC3" time="0.007"/>
  <testcase classname="testNG3.Sample1" name="TC2" time="0.0">
    <ignored/>
  </testcase> <!-- TC2 -->
  <testcase classname="testNG3.Sample1" name="TC1" time="0.0">
    <ignored/>
  </testcase> <!-- TC1 -->
</testsuite> <!-- Test(failed)(failed) -->
