<?xml version="1.0" encoding="UTF-8"?>
<!-- Generated by org.testng.reporters.JUnitXMLReporter -->
<testsuite ignored="0" hostname="LAPTOP-R3SUFVC3" failures="1" tests="1" name="Test2" time="0.004" errors="0" timestamp="2022-07-22T23:30:33 PDT">
  <testcase classname="testNG3.Multi_Brower_Testing" name="TC1" time="0.0">
    <failure type="java.lang.NullPointerException">
      <![CDATA[java.lang.NullPointerException
at testNG3.Multi_Brower_Testing.TC1(Multi_Brower_Testing.java:30)
at java.base/java.util.ArrayList.forEach(ArrayList.java:1541)
... Removed 27 stack frames]]>
    </failure>
  </testcase> <!-- TC1 -->
</testsuite> <!-- Test2 -->
